This is pdfTeX, Version 3.1415926-1.40.10 (TeX Live 2009/Debian) (format=pdflatex 2013.10.20)  29 MAY 2014 10:53
entering extended mode
 %&-line parsing enabled.
**winDrone.tex
(./winDrone.tex
LaTeX2e <2009/09/24>
Babel <v3.8l> and hyphenation patterns for english, usenglishmax, dumylang, noh
yphenation, loaded.
(/usr/share/texmf-texlive/tex/latex/base/article.cls
Document Class: article 2007/10/19 v1.4h Standard LaTeX document class
(/usr/share/texmf-texlive/tex/latex/base/size12.clo
File: size12.clo 2007/10/19 v1.4h Standard LaTeX file (size option)
)
\c@part=\count79
\c@section=\count80
\c@subsection=\count81
\c@subsubsection=\count82
\c@paragraph=\count83
\c@subparagraph=\count84
\c@figure=\count85
\c@table=\count86
\abovecaptionskip=\skip41
\belowcaptionskip=\skip42
\bibindent=\dimen102
)
(/usr/share/texmf-texlive/tex/latex/base/fontenc.sty
Package: fontenc 2005/09/27 v1.99g Standard LaTeX package

(/usr/share/texmf-texlive/tex/latex/base/t1enc.def
File: t1enc.def 2005/09/27 v1.99g Standard LaTeX file
LaTeX Font Info:    Redeclaring font encoding T1 on input line 43.
))
(/usr/share/texmf/tex/latex/lm/lmodern.sty
Package: lmodern 2009/10/30 v1.6 Latin Modern Fonts
LaTeX Font Info:    Overwriting symbol font `operators' in version `normal'
(Font)                  OT1/cmr/m/n --> OT1/lmr/m/n on input line 22.
LaTeX Font Info:    Overwriting symbol font `letters' in version `normal'
(Font)                  OML/cmm/m/it --> OML/lmm/m/it on input line 23.
LaTeX Font Info:    Overwriting symbol font `symbols' in version `normal'
(Font)                  OMS/cmsy/m/n --> OMS/lmsy/m/n on input line 24.
LaTeX Font Info:    Overwriting symbol font `largesymbols' in version `normal'
(Font)                  OMX/cmex/m/n --> OMX/lmex/m/n on input line 25.
LaTeX Font Info:    Overwriting symbol font `operators' in version `bold'
(Font)                  OT1/cmr/bx/n --> OT1/lmr/bx/n on input line 26.
LaTeX Font Info:    Overwriting symbol font `letters' in version `bold'
(Font)                  OML/cmm/b/it --> OML/lmm/b/it on input line 27.
LaTeX Font Info:    Overwriting symbol font `symbols' in version `bold'
(Font)                  OMS/cmsy/b/n --> OMS/lmsy/b/n on input line 28.
LaTeX Font Info:    Overwriting symbol font `largesymbols' in version `bold'
(Font)                  OMX/cmex/m/n --> OMX/lmex/m/n on input line 29.
LaTeX Font Info:    Overwriting math alphabet `\mathbf' in version `normal'
(Font)                  OT1/cmr/bx/n --> OT1/lmr/bx/n on input line 31.
LaTeX Font Info:    Overwriting math alphabet `\mathsf' in version `normal'
(Font)                  OT1/cmss/m/n --> OT1/lmss/m/n on input line 32.
LaTeX Font Info:    Overwriting math alphabet `\mathit' in version `normal'
(Font)                  OT1/cmr/m/it --> OT1/lmr/m/it on input line 33.
LaTeX Font Info:    Overwriting math alphabet `\mathtt' in version `normal'
(Font)                  OT1/cmtt/m/n --> OT1/lmtt/m/n on input line 34.
LaTeX Font Info:    Overwriting math alphabet `\mathbf' in version `bold'
(Font)                  OT1/cmr/bx/n --> OT1/lmr/bx/n on input line 35.
LaTeX Font Info:    Overwriting math alphabet `\mathsf' in version `bold'
(Font)                  OT1/cmss/bx/n --> OT1/lmss/bx/n on input line 36.
LaTeX Font Info:    Overwriting math alphabet `\mathit' in version `bold'
(Font)                  OT1/cmr/bx/it --> OT1/lmr/bx/it on input line 37.
LaTeX Font Info:    Overwriting math alphabet `\mathtt' in version `bold'
(Font)                  OT1/cmtt/m/n --> OT1/lmtt/m/n on input line 38.
)
(/usr/share/texmf-texlive/tex/latex/graphics/graphicx.sty
Package: graphicx 1999/02/16 v1.0f Enhanced LaTeX Graphics (DPC,SPQR)

(/usr/share/texmf-texlive/tex/latex/graphics/keyval.sty
Package: keyval 1999/03/16 v1.13 key=value parser (DPC)
\KV@toks@=\toks14
)
(/usr/share/texmf-texlive/tex/latex/graphics/graphics.sty
Package: graphics 2009/02/05 v1.0o Standard LaTeX Graphics (DPC,SPQR)

(/usr/share/texmf-texlive/tex/latex/graphics/trig.sty
Package: trig 1999/03/16 v1.09 sin cos tan (DPC)
)
(/etc/texmf/tex/latex/config/graphics.cfg
File: graphics.cfg 2009/08/28 v1.8 graphics configuration of TeX Live
)
Package graphics Info: Driver file: pdftex.def on input line 91.

(/usr/share/texmf-texlive/tex/latex/pdftex-def/pdftex.def
File: pdftex.def 2010/03/12 v0.04p Graphics/color for pdfTeX
\Gread@gobject=\count87
))
\Gin@req@height=\dimen103
\Gin@req@width=\dimen104
)
(/usr/share/texmf-texlive/tex/latex/base/textcomp.sty
Package: textcomp 2005/09/27 v1.99g Standard LaTeX package
Package textcomp Info: Sub-encoding information:
(textcomp)               5 = only ISO-Adobe without \textcurrency
(textcomp)               4 = 5 + \texteuro
(textcomp)               3 = 4 + \textohm
(textcomp)               2 = 3 + \textestimated + \textcurrency
(textcomp)               1 = TS1 - \textcircled - \t
(textcomp)               0 = TS1 (full)
(textcomp)             Font families with sub-encoding setting implement
(textcomp)             only a restricted character set as indicated.
(textcomp)             Family '?' is the default used for unknown fonts.
(textcomp)             See the documentation for details.
Package textcomp Info: Setting ? sub-encoding to TS1/1 on input line 71.

(/usr/share/texmf-texlive/tex/latex/base/ts1enc.def
File: ts1enc.def 2001/06/05 v3.0e (jk/car/fm) Standard LaTeX file
)
LaTeX Info: Redefining \oldstylenums on input line 266.
Package textcomp Info: Setting cmr sub-encoding to TS1/0 on input line 281.
Package textcomp Info: Setting cmss sub-encoding to TS1/0 on input line 282.
Package textcomp Info: Setting cmtt sub-encoding to TS1/0 on input line 283.
Package textcomp Info: Setting cmvtt sub-encoding to TS1/0 on input line 284.
Package textcomp Info: Setting cmbr sub-encoding to TS1/0 on input line 285.
Package textcomp Info: Setting cmtl sub-encoding to TS1/0 on input line 286.
Package textcomp Info: Setting ccr sub-encoding to TS1/0 on input line 287.
Package textcomp Info: Setting ptm sub-encoding to TS1/4 on input line 288.
Package textcomp Info: Setting pcr sub-encoding to TS1/4 on input line 289.
Package textcomp Info: Setting phv sub-encoding to TS1/4 on input line 290.
Package textcomp Info: Setting ppl sub-encoding to TS1/3 on input line 291.
Package textcomp Info: Setting pag sub-encoding to TS1/4 on input line 292.
Package textcomp Info: Setting pbk sub-encoding to TS1/4 on input line 293.
Package textcomp Info: Setting pnc sub-encoding to TS1/4 on input line 294.
Package textcomp Info: Setting pzc sub-encoding to TS1/4 on input line 295.
Package textcomp Info: Setting bch sub-encoding to TS1/4 on input line 296.
Package textcomp Info: Setting put sub-encoding to TS1/5 on input line 297.
Package textcomp Info: Setting uag sub-encoding to TS1/5 on input line 298.
Package textcomp Info: Setting ugq sub-encoding to TS1/5 on input line 299.
Package textcomp Info: Setting ul8 sub-encoding to TS1/4 on input line 300.
Package textcomp Info: Setting ul9 sub-encoding to TS1/4 on input line 301.
Package textcomp Info: Setting augie sub-encoding to TS1/5 on input line 302.
Package textcomp Info: Setting dayrom sub-encoding to TS1/3 on input line 303.
Package textcomp Info: Setting dayroms sub-encoding to TS1/3 on input line 304.

Package textcomp Info: Setting pxr sub-encoding to TS1/0 on input line 305.
Package textcomp Info: Setting pxss sub-encoding to TS1/0 on input line 306.
Package textcomp Info: Setting pxtt sub-encoding to TS1/0 on input line 307.
Package textcomp Info: Setting txr sub-encoding to TS1/0 on input line 308.
Package textcomp Info: Setting txss sub-encoding to TS1/0 on input line 309.
Package textcomp Info: Setting txtt sub-encoding to TS1/0 on input line 310.
Package textcomp Info: Setting futs sub-encoding to TS1/4 on input line 311.
Package textcomp Info: Setting futx sub-encoding to TS1/4 on input line 312.
Package textcomp Info: Setting futj sub-encoding to TS1/4 on input line 313.
Package textcomp Info: Setting hlh sub-encoding to TS1/3 on input line 314.
Package textcomp Info: Setting hls sub-encoding to TS1/3 on input line 315.
Package textcomp Info: Setting hlst sub-encoding to TS1/3 on input line 316.
Package textcomp Info: Setting hlct sub-encoding to TS1/5 on input line 317.
Package textcomp Info: Setting hlx sub-encoding to TS1/5 on input line 318.
Package textcomp Info: Setting hlce sub-encoding to TS1/5 on input line 319.
Package textcomp Info: Setting hlcn sub-encoding to TS1/5 on input line 320.
Package textcomp Info: Setting hlcw sub-encoding to TS1/5 on input line 321.
Package textcomp Info: Setting hlcf sub-encoding to TS1/5 on input line 322.
Package textcomp Info: Setting pplx sub-encoding to TS1/3 on input line 323.
Package textcomp Info: Setting pplj sub-encoding to TS1/3 on input line 324.
Package textcomp Info: Setting ptmx sub-encoding to TS1/4 on input line 325.
Package textcomp Info: Setting ptmj sub-encoding to TS1/4 on input line 326.
)
(/usr/share/texmf-texlive/tex/latex/float/float.sty
Package: float 2001/11/08 v1.3d Float enhancements (AL)
\c@float@type=\count88
\float@exts=\toks15
\float@box=\box26
\@float@everytoks=\toks16
\@floatcapt=\box27
)
(/usr/share/texmf-texlive/tex/latex/amsmath/amsmath.sty
Package: amsmath 2000/07/18 v2.13 AMS math features
\@mathmargin=\skip43

For additional information on amsmath, use the `?' option.
(/usr/share/texmf-texlive/tex/latex/amsmath/amstext.sty
Package: amstext 2000/06/29 v2.01

(/usr/share/texmf-texlive/tex/latex/amsmath/amsgen.sty
File: amsgen.sty 1999/11/30 v2.0
\@emptytoks=\toks17
\ex@=\dimen105
))
(/usr/share/texmf-texlive/tex/latex/amsmath/amsbsy.sty
Package: amsbsy 1999/11/29 v1.2d
\pmbraise@=\dimen106
)
(/usr/share/texmf-texlive/tex/latex/amsmath/amsopn.sty
Package: amsopn 1999/12/14 v2.01 operator names
)
\inf@bad=\count89
LaTeX Info: Redefining \frac on input line 211.
\uproot@=\count90
\leftroot@=\count91
LaTeX Info: Redefining \overline on input line 307.
\classnum@=\count92
\DOTSCASE@=\count93
LaTeX Info: Redefining \ldots on input line 379.
LaTeX Info: Redefining \dots on input line 382.
LaTeX Info: Redefining \cdots on input line 467.
\Mathstrutbox@=\box28
\strutbox@=\box29
\big@size=\dimen107
LaTeX Font Info:    Redeclaring font encoding OML on input line 567.
LaTeX Font Info:    Redeclaring font encoding OMS on input line 568.
\macc@depth=\count94
\c@MaxMatrixCols=\count95
\dotsspace@=\muskip10
\c@parentequation=\count96
\dspbrk@lvl=\count97
\tag@help=\toks18
\row@=\count98
\column@=\count99
\maxfields@=\count100
\andhelp@=\toks19
\eqnshift@=\dimen108
\alignsep@=\dimen109
\tagshift@=\dimen110
\tagwidth@=\dimen111
\totwidth@=\dimen112
\lineht@=\dimen113
\@envbody=\toks20
\multlinegap=\skip44
\multlinetaggap=\skip45
\mathdisplay@stack=\toks21
LaTeX Info: Redefining \[ on input line 2666.
LaTeX Info: Redefining \] on input line 2667.
)
(/usr/share/texmf-texlive/tex/latex/tools/verbatim.sty
Package: verbatim 2003/08/22 v1.5q LaTeX2e package for verbatim enhancements
\every@verbatim=\toks22
\verbatim@line=\toks23
\verbatim@in@stream=\read1
)

! LaTeX Error: File `minipage.sty' not found.

Type X to quit or <RETURN> to proceed,
or enter new name. (Default extension: sty)

Enter file name: 
(/usr/share/texmf-texlive/tex/latex/subfig/subfig.sty
Package: subfig 2005/06/28 ver: 1.3 subfig package

(/usr/share/texmf-texlive/tex/latex/caption/caption.sty
Package: caption 2009/10/09 v3.1k Customizing captions (AR)

(/usr/share/texmf-texlive/tex/latex/caption/caption3.sty
Package: caption3 2009/10/09 v3.1k caption3 kernel (AR)
\captionmargin=\dimen114
\captionmargin@=\dimen115
\captionwidth=\dimen116
\caption@indent=\dimen117
\caption@parindent=\dimen118
\caption@hangindent=\dimen119
)
\c@ContinuedFloat=\count101
Package caption Info: float package is loaded.
)
\c@KVtest=\count102
\sf@farskip=\skip46
\sf@captopadj=\dimen120
\sf@capskip=\skip47
\sf@nearskip=\skip48
\c@subfigure=\count103
\c@subfigure@save=\count104
\c@lofdepth=\count105
\c@subtable=\count106
\c@subtable@save=\count107
\c@lotdepth=\count108
\sf@top=\skip49
\sf@bottom=\skip50
)

! LaTeX Error: Missing \begin{document}.

See the LaTeX manual or LaTeX Companion for explanation.
Type  H <return>  for immediate help.
 ...                                              
                                                  
l.13                 \begin{center}
                                   
? 
<pics/titlepic.jpg, id=1, 438.70944pt x 438.70944pt>
File: pics/titlepic.jpg Graphic file (type jpg)
 <use pics/titlepic.jpg>
LaTeX Font Info:    Try loading font information for T1+lmr on input line 31.

(/usr/share/texmf/tex/latex/lm/t1lmr.fd
File: t1lmr.fd 2009/10/30 v1.6 Font defs for Latin Modern
) [1

{/var/lib/texmf/fonts/map/pdftex/updmap/pdftex.map} <./pics/titlepic.jpg>]

LaTeX Warning: Unused global option(s):
    [english].

(./winDrone.aux)
\openout1 = `winDrone.aux'.

LaTeX Font Info:    Checking defaults for OML/cmm/m/it on input line 34.
LaTeX Font Info:    ... okay on input line 34.
LaTeX Font Info:    Checking defaults for T1/cmr/m/n on input line 34.
LaTeX Font Info:    ... okay on input line 34.
LaTeX Font Info:    Checking defaults for OT1/cmr/m/n on input line 34.
LaTeX Font Info:    ... okay on input line 34.
LaTeX Font Info:    Checking defaults for OMS/cmsy/m/n on input line 34.
LaTeX Font Info:    ... okay on input line 34.
LaTeX Font Info:    Checking defaults for OMX/cmex/m/n on input line 34.
LaTeX Font Info:    ... okay on input line 34.
LaTeX Font Info:    Checking defaults for U/cmr/m/n on input line 34.
LaTeX Font Info:    ... okay on input line 34.
LaTeX Font Info:    Checking defaults for TS1/cmr/m/n on input line 34.
LaTeX Font Info:    Try loading font information for TS1+cmr on input line 34.
 (/usr/share/texmf-texlive/tex/latex/base/ts1cmr.fd
File: ts1cmr.fd 1999/05/25 v2.5h Standard LaTeX font definitions
)
LaTeX Font Info:    ... okay on input line 34.

(/usr/share/texmf-texlive/tex/context/base/supp-pdf.mkii
[Loading MPS to PDF converter (version 2006.09.02).]
\scratchcounter=\count109
\scratchdimen=\dimen121
\scratchbox=\box30
\nofMPsegments=\count110
\nofMParguments=\count111
\everyMPshowfont=\toks24
\MPscratchCnt=\count112
\MPscratchDim=\dimen122
\MPnumerator=\count113
\everyMPtoPDFconversion=\toks25
)
Package caption Info: Begin \AtBeginDocument code.
Package caption3 Info: subfig package 1.2 or 1.3 is loaded.
LaTeX Info: Redefining \subref on input line 34.
Package caption Info: End \AtBeginDocument code.
LaTeX Font Info:    Try loading font information for TS1+lmr on input line 43.
 (/usr/share/texmf/tex/latex/lm/ts1lmr.fd
File: ts1lmr.fd 2009/10/30 v1.6 Font defs for Latin Modern
)
<pics/yaw1.jpg, id=9, 268.00125pt x 211.79124pt>
File: pics/yaw1.jpg Graphic file (type jpg)
 <use pics/yaw1.jpg>
Underfull \hbox (badness 10000) in paragraph at lines 43--48

 []

<pics/pitch1.jpg, id=10, 263.98625pt x 201.75375pt>
File: pics/pitch1.jpg Graphic file (type jpg)
 <use pics/pitch1.jpg>
[1 <./pics/yaw1.jpg>] <pics/roll1.jpg, id=17, 297.11pt x 248.93pt>
File: pics/roll1.jpg Graphic file (type jpg)

<use pics/roll1.jpg> [2 <./pics/pitch1.jpg> <./pics/roll1.jpg>]
<pics/drone.jpg, id=21, 1505.625pt x 899.36pt>
File: pics/drone.jpg Graphic file (type jpg)
 <use pics/drone.jpg> [3 <./pics/drone.jpg>] <pics/leap.jpg, id=25, 1204.5pt x 
718.685pt>
File: pics/leap.jpg Graphic file (type jpg)
 <use pics/leap.jpg>
[4 <./pics/leap.jpg>]
<pics/blockDiagram1.jpg, id=29, 1241.63875pt x 174.6525pt>
File: pics/blockDiagram1.jpg Graphic file (type jpg)

<use pics/blockDiagram1.jpg>
Overfull \hbox (36.79333pt too wide) in paragraph at lines 89--90
 [][] 
 []

<pics/controlFlowChart.jpg, id=30, 646.415pt x 507.8975pt>
File: pics/controlFlowChart.jpg Graphic file (type jpg)

<use pics/controlFlowChart.jpg> [5 <./pics/blockDiagram1.jpg> <./pics/controlFl
owChart.jpg>] <pics/mean.jpg, id=34, 1236.62pt x 1138.2525pt>
File: pics/mean.jpg Graphic file (type jpg)

<use pics/mean.jpg>
Underfull \hbox (badness 10000) in paragraph at lines 113--118

 []

[6] <pics/left.jpg, id=39, 282.05376pt x 326.21875pt>
File: pics/left.jpg Graphic file (type jpg)
 <use pics/left.jpg>
Underfull \hbox (badness 10000) in paragraph at lines 119--124

 []

<pics/right.jpg, id=40, 295.1025pt x 334.24875pt>
File: pics/right.jpg Graphic file (type jpg)
 <use pics/right.jpg>
Underfull \hbox (badness 10000) in paragraph at lines 125--130

 []

[7 <./pics/mean.jpg> <./pics/left.jpg>]
<pics/forward.jpg, id=44, 203.76125pt x 214.8025pt>
File: pics/forward.jpg Graphic file (type jpg)
 <use pics/forward.jpg>
Underfull \hbox (badness 10000) in paragraph at lines 131--136

 []

<pics/backward.jpg, id=45, 213.79875pt x 307.1475pt>
File: pics/backward.jpg Graphic file (type jpg)
 <use pics/backward.jpg>
Underfull \hbox (badness 10000) in paragraph at lines 137--142

 []

[8 <./pics/right.jpg> <./pics/forward.jpg>]
<pics/rotateLeft.jpg, id=49, 322.20375pt x 387.4475pt>
File: pics/rotateLeft.jpg Graphic file (type jpg)

<use pics/rotateLeft.jpg>
Underfull \hbox (badness 10000) in paragraph at lines 143--148

 []

<pics/rotateRight.jpg, id=50, 285.065pt x 323.2075pt>
File: pics/rotateRight.jpg Graphic file (type jpg)

<use pics/rotateRight.jpg>
Underfull \hbox (badness 10000) in paragraph at lines 149--154

 []

[9 <./pics/backward.jpg> <./pics/rotateLeft.jpg>] [10 <./pics/rotateRight.jpg>]
[11] <pics/frameData.jpg, id=60, 578.16pt x 42.1575pt>
File: pics/frameData.jpg Graphic file (type jpg)

<use pics/frameData.jpg>
<pics/correspondingHand1.jpg, id=61, 294.09875pt x 222.8325pt>
File: pics/correspondingHand1.jpg Graphic file (type jpg)

<use pics/correspondingHand1.jpg>
<pics/correspondingHand2.jpg, id=62, 247.92625pt x 293.095pt>
File: pics/correspondingHand2.jpg Graphic file (type jpg)

<use pics/correspondingHand2.jpg> [12 <./pics/frameData.jpg> <./pics/correspond
ingHand1.jpg>] [13 <./pics/correspondingHand2.jpg>] [14]
<pics/CSV.jpg, id=73, 444.66125pt x 47.17625pt>
File: pics/CSV.jpg Graphic file (type jpg)
 <use pics/CSV.jpg>
<pics/genNormalDist1.jpg, id=74, 367.3725pt x 260.975pt>
File: pics/genNormalDist1.jpg Graphic file (type jpg)

<use pics/genNormalDist1.jpg> [15 <./pics/CSV.jpg> <./pics/genNormalDist1.jpg>]
[16] <pics/hoverHistogram1.jpg, id=81, 580.1675pt x 437.635pt>
File: pics/hoverHistogram1.jpg Graphic file (type jpg)

<use pics/hoverHistogram1.jpg> [17]
<pics/leftHistogram1.jpg, id=85, 549.05125pt x 421.575pt>
File: pics/leftHistogram1.jpg Graphic file (type jpg)

<use pics/leftHistogram1.jpg>
<pics/turnLeftHistogram1.jpg, id=86, 534.99875pt x 429.605pt>
File: pics/turnLeftHistogram1.jpg Graphic file (type jpg)

<use pics/turnLeftHistogram1.jpg> [18 <./pics/hoverHistogram1.jpg> <./pics/left
Histogram1.jpg>] <pics/rightHistogram1.jpg, id=91, 562.1pt x 424.58624pt>
File: pics/rightHistogram1.jpg Graphic file (type jpg)

<use pics/rightHistogram1.jpg> [19 <./pics/turnLeftHistogram1.jpg>]
<pics/turnRightHistogram1.jpg, id=95, 544.0325pt x 427.5975pt>
File: pics/turnRightHistogram1.jpg Graphic file (type jpg)

<use pics/turnRightHistogram1.jpg> [20 <./pics/rightHistogram1.jpg>]
<pics/forwardHistogram1.jpg, id=99, 584.1825pt x 420.57124pt>
File: pics/forwardHistogram1.jpg Graphic file (type jpg)

<use pics/forwardHistogram1.jpg> [21 <./pics/turnRightHistogram1.jpg>]
<pics/backwardHistogram1.jpg, id=103, 541.02126pt x 426.59375pt>
File: pics/backwardHistogram1.jpg Graphic file (type jpg)

<use pics/backwardHistogram1.jpg> [22 <./pics/forwardHistogram1.jpg>]
Overfull \hbox (3.57387pt too wide) in paragraph at lines 278--279
\T1/lmr/m/n/12 across four tests that were re-puted to be the best. These were 
the Kolmogorov-
 []

[23 <./pics/backwardHistogram1.jpg>] [24]
Overfull \hbox (0.87875pt too wide) in paragraph at lines 298--299
[]\T1/lmr/m/n/12 The fol-low-ing are plots of power for the Sym-met-ric Dis-tri
-bu-tions Beta(2,2)
 []

<pics/razali1.jpg, id=114, 482.80376pt x 272.01625pt>
File: pics/razali1.jpg Graphic file (type jpg)
 <use pics/razali1.jpg>
<pics/razali2.jpg, id=115, 481.8pt x 271.0125pt>
File: pics/razali2.jpg Graphic file (type jpg)
 <use pics/razali2.jpg>
[25 <./pics/razali1.jpg>]
Overfull \hbox (24.35912pt too wide) in paragraph at lines 312--313
[]\T1/lmr/m/n/12 The fol-low-ing are plots of power for the Asym-met-ric Dis-tr
i-bu-tions Gamma(4,5)
 []

<pics/razali3.jpg, id=119, 482.80376pt x 281.05pt>
File: pics/razali3.jpg Graphic file (type jpg)
 <use pics/razali3.jpg>
<pics/razali4.jpg, id=120, 507.8975pt x 281.05pt>
File: pics/razali4.jpg Graphic file (type jpg)
 <use pics/razali4.jpg>
[26 <./pics/razali2.jpg> <./pics/razali3.jpg>] [27 <./pics/razali4.jpg>]
<pics/swMatlab.jpg, id=127, 214.8025pt x 264.99pt>
File: pics/swMatlab.jpg Graphic file (type jpg)
 <use pics/swMatlab.jpg>
[28 <./pics/swMatlab.jpg>] <pics/qqHover.jpg, id=131, 512.91624pt x 425.59pt>
File: pics/qqHover.jpg Graphic file (type jpg)

<use pics/qqHover.jpg> [29]
<pics/qqLeft.jpg, id=135, 518.93875pt x 423.5825pt>
File: pics/qqLeft.jpg Graphic file (type jpg)
 <use pics/qqLeft.jpg>
<pics/qqRight.jpg, id=136, 548.0475pt x 433.62pt>
File: pics/qqRight.jpg Graphic file (type jpg)
 <use pics/qqRight.jpg>
<pics/qqTurnLeft.jpg, id=137, 554.07pt x 425.59pt>
File: pics/qqTurnLeft.jpg Graphic file (type jpg)
 <use pics/qqTurnLeft.jpg>
<pics/qqTurnRight.jpg, id=138, 522.95375pt x 422.57875pt>
File: pics/qqTurnRight.jpg Graphic file (type jpg)

<use pics/qqTurnRight.jpg> <pics/qqForward.jpg, id=139, 517.935pt x 433.62pt>
File: pics/qqForward.jpg Graphic file (type jpg)

<use pics/qqForward.jpg>
<pics/qqBackward.jpg, id=140, 528.97626pt x 430.60875pt>
File: pics/qqBackward.jpg Graphic file (type jpg)

<use pics/qqBackward.jpg> [30 <./pics/qqHover.jpg> <./pics/qqLeft.jpg> <./pics/
qqRight.jpg> <./pics/qqTurnLeft.jpg> <./pics/qqTurnRight.jpg>]

! Package caption Error: No float type 'Correspondence of Standard Deviation to
 Gesture' defined.

See the caption package documentation for explanation.
Type  H <return>  for immediate help.
 ...                                              
                                                  
l.387 ...ondence of Standard Deviation to Gesture}
                                                  
? 

! Package caption Error: \caption outside float.

See the caption package documentation for explanation.
Type  H <return>  for immediate help.
 ...                                              
                                                  
l.387 ...ondence of Standard Deviation to Gesture}
                                                  
? 
LaTeX Font Info:    Try loading font information for OT1+lmr on input line 388.

(/usr/share/texmf/tex/latex/lm/ot1lmr.fd
File: ot1lmr.fd 2009/10/30 v1.6 Font defs for Latin Modern
)
LaTeX Font Info:    Try loading font information for OML+lmm on input line 388.


(/usr/share/texmf/tex/latex/lm/omllmm.fd
File: omllmm.fd 2009/10/30 v1.6 Font defs for Latin Modern
)
LaTeX Font Info:    Try loading font information for OMS+lmsy on input line 388
.

(/usr/share/texmf/tex/latex/lm/omslmsy.fd
File: omslmsy.fd 2009/10/30 v1.6 Font defs for Latin Modern
)
LaTeX Font Info:    Try loading font information for OMX+lmex on input line 388
.

(/usr/share/texmf/tex/latex/lm/omxlmex.fd
File: omxlmex.fd 2009/10/30 v1.6 Font defs for Latin Modern
)
LaTeX Font Info:    External font `lmex10' loaded for size
(Font)              <12> on input line 388.
LaTeX Font Info:    External font `lmex10' loaded for size
(Font)              <8> on input line 388.
LaTeX Font Info:    External font `lmex10' loaded for size
(Font)              <6> on input line 388.
 [31 <./pics/qqForward.jpg> <./pics/qqBackward.jpg>]

! Package caption Error: No float type 'Tolerances and Thresholds Corresponding
 to Gestures' defined.

See the caption package documentation for explanation.
Type  H <return>  for immediate help.
 ...                                              
                                                  
l.412 ...and Thresholds Corresponding to Gestures}
                                                  
? 

! Package caption Error: \caption outside float.

See the caption package documentation for explanation.
Type  H <return>  for immediate help.
 ...                                              
                                                  
l.412 ...and Thresholds Corresponding to Gestures}
                                                  
? 
! Missing $ inserted.
<inserted text> 
                $
l.419 			Hover & \pm
                     2 & 0 & +2 & -2 \\
? 
! Extra }, or forgotten $.
<template> \unskip \hfil }
                          \hskip \tabcolsep \hskip -.5\arrayrulewidth \vrule...
l.419 			Hover & \pm 2 &
                         0 & +2 & -2 \\
? 
! Missing $ inserted.
<inserted text> 
                $
l.419 			Hover & \pm 2 &
                         0 & +2 & -2 \\
? 
! Missing } inserted.
<inserted text> 
                }
l.419 			Hover & \pm 2 &
                         0 & +2 & -2 \\
? 
! Missing $ inserted.
<inserted text> 
                $
l.421 			Move Left & \pm
                         4 & +45 & +49 & +41 \\
? 
! Extra }, or forgotten $.
<template> \unskip \hfil }
                          \hskip \tabcolsep \hskip -.5\arrayrulewidth \vrule...
l.421 			Move Left & \pm 4 &
                             +45 & +49 & +41 \\
? 
! Missing $ inserted.
<inserted text> 
                $
l.421 			Move Left & \pm 4 &
                             +45 & +49 & +41 \\
? 
! Missing } inserted.
<inserted text> 
                }
l.421 			Move Left & \pm 4 &
                             +45 & +49 & +41 \\
? 
! Missing $ inserted.
<inserted text> 
                $
l.423 			Move Right & \pm
                          4 & -45 & -41 & -49 \\
? 
! Extra }, or forgotten $.
<template> \unskip \hfil }
                          \hskip \tabcolsep \hskip -.5\arrayrulewidth \vrule...
l.423 			Move Right & \pm 4 &
                              -45 & -41 & -49 \\
? 
! Missing $ inserted.
<inserted text> 
                $
l.423 			Move Right & \pm 4 &
                              -45 & -41 & -49 \\
? 
! Missing } inserted.
<inserted text> 
                }
l.423 			Move Right & \pm 4 &
                              -45 & -41 & -49 \\
? 
! Missing $ inserted.
<inserted text> 
                $
l.425 			Turn Left & \pm
                         12 & -45 & -33 & -57 \\
? 
! Extra }, or forgotten $.
<template> \unskip \hfil }
                          \hskip \tabcolsep \hskip -.5\arrayrulewidth \vrule...
l.425 			Turn Left & \pm 12 &
                              -45 & -33 & -57 \\
? 
! Missing $ inserted.
<inserted text> 
                $
l.425 			Turn Left & \pm 12 &
                              -45 & -33 & -57 \\
? 
! Missing } inserted.
<inserted text> 
                }
l.425 			Turn Left & \pm 12 &
                              -45 & -33 & -57 \\
? 
! Missing $ inserted.
<inserted text> 
                $
l.427 			Turn Right & \pm
                          12 & +45 & +57 & +33 \\
? 
! Extra }, or forgotten $.
<template> \unskip \hfil }
                          \hskip \tabcolsep \hskip -.5\arrayrulewidth \vrule...
l.427 			Turn Right & \pm 12 &
                               +45 & +57 & +33 \\
? 
! Missing $ inserted.
<inserted text> 
                $
l.427 			Turn Right & \pm 12 &
                               +45 & +57 & +33 \\
? 
! Missing } inserted.
<inserted text> 
                }
l.427 			Turn Right & \pm 12 &
                               +45 & +57 & +33 \\
? 
! Missing $ inserted.
<inserted text> 
                $
l.429 			Move Forward & \pm
                            6 & +45 & +51 & +39 \\
? 
! Extra }, or forgotten $.
<template> \unskip \hfil }
                          \hskip \tabcolsep \hskip -.5\arrayrulewidth \vrule...
l.429 			Move Forward & \pm 6 &
                                +45 & +51 & +39 \\
? 
! Missing $ inserted.
<inserted text> 
                $
l.429 			Move Forward & \pm 6 &
                                +45 & +51 & +39 \\
? 
! Missing } inserted.
<inserted text> 
                }
l.429 			Move Forward & \pm 6 &
                                +45 & +51 & +39 \\
? 
! Missing $ inserted.
<inserted text> 
                $
l.431 			Move Backward & \pm
                             6 & -45 & -39 & -51 \\
? 
! Extra }, or forgotten $.
<template> \unskip \hfil }
                          \hskip \tabcolsep \hskip -.5\arrayrulewidth \vrule...
l.431 			Move Backward & \pm 6 &
                                 -45 & -39 & -51 \\
? 
! Missing $ inserted.
<inserted text> 
                $
l.431 			Move Backward & \pm 6 &
                                 -45 & -39 & -51 \\
? 
! Missing } inserted.
<inserted text> 
                }
l.431 			Move Backward & \pm 6 &
                                 -45 & -39 & -51 \\
? 
[32]
Overfull \hbox (13.17484pt too wide) in paragraph at lines 449--461
 [] 
 []

[33] <pics/movingAverage.jpg, id=157, 470.75874pt x 206.7725pt>
File: pics/movingAverage.jpg Graphic file (type jpg)

<use pics/movingAverage.jpg> [34 <./pics/movingAverage.jpg>] [35] [36]
File: pics/qqLeft.jpg Graphic file (type jpg)

<use pics/qqLeft.jpg> [37]
Overfull \hbox (2.60632pt too wide) in paragraph at lines 508--509
[]\T1/lmr/m/n/12 Finally, in-te-grat-ing the project with Google Glass and uti-
liz-ing the Drone's
 []

[38]
! Extra alignment tab has been changed to \cr.
<recently read> \endtemplate 
                             
l.521 			Stability Testing & & 50\% & 50\% & &
                                              
? 
! Extra alignment tab has been changed to \cr.
<recently read> \endtemplate 
                             
l.525 			Drone Instructions & & 50\% & 50\% & &
                                               
? 

Underfull \hbox (badness 1776) in paragraph at lines 538--539
[]\T1/lmr/m/n/12 Shapiro, S.S.; Wilk, M.B. (1965). "An anal-y-sis of vari-ance 
test
 []


Underfull \hbox (badness 1189) in paragraph at lines 538--539
\T1/lmr/m/n/12 for nor-mal-ity (com-plete sam-ples)". \T1/lmr/m/it/12 Biometrik
a \T1/lmr/bx/n/12 52 \T1/lmr/m/n/12 (3-4): 591-611.
 []

[39]
Underfull \hbox (badness 10000) in paragraph at lines 554--555
[]\T1/lmr/m/n/12 "Cramer-von Mises cri-te-rion." \T1/lmr/m/it/12 Wikipedia: the

 []


Underfull \hbox (badness 10000) in paragraph at lines 554--555
\T1/lmr/m/it/12 Free En-cy-clo-pe-dia. \T1/lmr/m/n/12 N.p., n.d. Web. 20 May 20
14.
 []

[40] (./winDrone.aux) ) 
Here is how much of TeX's memory you used:
 3697 strings out of 495061
 54768 string characters out of 1182620
 113694 words of memory out of 3000000
 6801 multiletter control sequences out of 15000+50000
 50428 words of font info for 41 fonts, out of 3000000 for 9000
 28 hyphenation exceptions out of 8191
 44i,9n,45p,3661b,360s stack positions out of 5000i,500n,10000p,200000b,50000s
{/usr/share/texmf/fonts/enc/dvips/lm/lm-ec.enc}{/usr/sha
re/texmf/fonts/enc/dvips/lm/lm-mathex.enc}{/usr/share/texmf/fonts/enc/dvips/lm/
lm-mathsy.enc}{/usr/share/texmf/fonts/enc/dvips/lm/lm-rm.enc}{/usr/share/texmf/
fonts/enc/dvips/lm/lm-mathit.enc}{/usr/share/texmf/fonts/enc/dvips/lm/lm-ts1.en
c} </home/nikhil/.texmf-var/fonts/pk/ljfour/jknappen/ec/ecrm1095.600pk> </home/
nikhil/.texmf-var/fonts/pk/ljfour/jknappen/ec/ecrm1440.600pk> </home/nikhil/.te
xmf-var/fonts/pk/ljfour/jknappen/ec/ecbx2074.600pk></usr/share/texmf/fonts/type
1/public/lm/lmbx12.pfb></usr/share/texmf/fonts/type1/public/lm/lmex10.pfb></usr
/share/texmf/fonts/type1/public/lm/lmmi12.pfb></usr/share/texmf/fonts/type1/pub
lic/lm/lmmi8.pfb></usr/share/texmf/fonts/type1/public/lm/lmr10.pfb></usr/share/
texmf/fonts/type1/public/lm/lmr12.pfb></usr/share/texmf/fonts/type1/public/lm/l
mr8.pfb></usr/share/texmf/fonts/type1/public/lm/lmri12.pfb></usr/share/texmf/fo
nts/type1/public/lm/lmsy10.pfb></usr/share/texmf/fonts/type1/public/lm/lmsy8.pf
b>
Output written on winDrone.pdf (41 pages, 1910311 bytes).
PDF statistics:
 326 PDF objects out of 1000 (max. 8388607)
 0 named destinations out of 1000 (max. 500000)
 201 words of extra memory for PDF output out of 10000 (max. 10000000)

